Equate elements:  no current cell.
Equate elements:  no current cell.
Class test.spice:  Merged 10 devices.
Class test_xschem.spice:  Merged 9 devices.

Subcircuit summary:
Circuit 1: test.spice                      |Circuit 2: test_xschem.spice               
-------------------------------------------|-------------------------------------------
sky130_fd_pr__nfet_01v8 (5)                |sky130_fd_pr__nfet_01v8 (5)                
sky130_fd_pr__pfet_01v8 (5)                |sky130_fd_pr__pfet_01v8 (6) **Mismatch**   
Number of devices: 10 **Mismatch**         |Number of devices: 11 **Mismatch**         
Number of nets: 11 **Mismatch**            |Number of nets: 15 **Mismatch**            
---------------------------------------------------------------------------------------
NET mismatches: Class fragments follow (with fanout counts):
Circuit 1: test.spice                      |Circuit 2: test_xschem.spice               

---------------------------------------------------------------------------------------
Net: Vbn                                   |Net: net1                                  
  sky130_fd_pr__nfet_01v8/2 = 2            |  sky130_fd_pr__nfet_01v8/(1|3) = 2        
                                           |                                           
Net: Vcn                                   |Net: Vcn                                   
  sky130_fd_pr__nfet_01v8/2 = 2            |  sky130_fd_pr__nfet_01v8/2 = 2            
                                           |                                           
Net: Vcp                                   |Net: Vbn                                   
  sky130_fd_pr__pfet_01v8/2 = 2            |  sky130_fd_pr__nfet_01v8/2 = 2            
                                           |                                           
Net: a_70_n3530#                           |Net: net2                                  
  sky130_fd_pr__nfet_01v8/(1|3) = 2        |  sky130_fd_pr__nfet_01v8/(1|3) = 2        
  sky130_fd_pr__pfet_01v8/2 = 2            |                                           
  sky130_fd_pr__pfet_01v8/(1|3) = 1        |                                           
                                           |                                           
Net: Vout                                  |Net: Vcp                                   
  sky130_fd_pr__pfet_01v8/(1|3) = 2        |  sky130_fd_pr__pfet_01v8/2 = 2            
  sky130_fd_pr__nfet_01v8/(1|3) = 1        |                                           
                                           |                                           
(no matching net)                          |Net: net4                                  
                                           |  sky130_fd_pr__pfet_01v8/(1|3) = 2        
                                           |                                           
(no matching net)                          |Net: net6                                  
                                           |  sky130_fd_pr__nfet_01v8/(1|3) = 2        
                                           |  sky130_fd_pr__pfet_01v8/2 = 2            
                                           |  sky130_fd_pr__pfet_01v8/(1|3) = 1        
                                           |                                           
(no matching net)                          |Net: GND                                   
                                           |  sky130_fd_pr__nfet_01v8/4 = 5            
                                           |                                           
(no matching net)                          |Net: VDD                                   
                                           |  sky130_fd_pr__pfet_01v8/4 = 6            
---------------------------------------------------------------------------------------

---------------------------------------------------------------------------------------
(no matching net)                          |Net: net7                                  
                                           |  sky130_fd_pr__pfet_01v8/2 = 1            
                                           |  sky130_fd_pr__pfet_01v8/(1|3) = 1        
                                           |                                           
(no matching net)                          |Net: net8                                  
                                           |  sky130_fd_pr__pfet_01v8/(1|3) = 1        
                                           |  sky130_fd_pr__pfet_01v8/2 = 1            
---------------------------------------------------------------------------------------

---------------------------------------------------------------------------------------
(no matching net)                          |Net: net5                                  
                                           |  sky130_fd_pr__pfet_01v8/(1|3) = 2        
                                           |                                           
(no matching net)                          |Net: net3                                  
                                           |  sky130_fd_pr__pfet_01v8/(1|3) = 2        
---------------------------------------------------------------------------------------

---------------------------------------------------------------------------------------
Net: a_670_n1620#                          |(no matching net)                          
  sky130_fd_pr__pfet_01v8/(1|3) = 2        |                                           
                                           |                                           
Net: a_270_n1620#                          |(no matching net)                          
  sky130_fd_pr__pfet_01v8/(1|3) = 2        |                                           
---------------------------------------------------------------------------------------

---------------------------------------------------------------------------------------
Net: a_670_n3530#                          |(no matching net)                          
  sky130_fd_pr__nfet_01v8/(1|3) = 2        |                                           
                                           |                                           
Net: a_270_n3530#                          |(no matching net)                          
  sky130_fd_pr__nfet_01v8/(1|3) = 2        |                                           
---------------------------------------------------------------------------------------

---------------------------------------------------------------------------------------
(no matching net)                          |Net: Vout                                  
                                           |  sky130_fd_pr__nfet_01v8/(1|3) = 1        
                                           |  sky130_fd_pr__pfet_01v8/(1|3) = 3        
                                           |                                           
(no matching net)                          |Net: VN                                    
                                           |  sky130_fd_pr__nfet_01v8/(1|3) = 3        
                                           |  sky130_fd_pr__nfet_01v8/2 = 1            
---------------------------------------------------------------------------------------

---------------------------------------------------------------------------------------
Net: w_n270_n1660#                         |(no matching net)                          
  sky130_fd_pr__pfet_01v8/(1|3) = 3        |                                           
  sky130_fd_pr__pfet_01v8/4 = 5            |                                           
  sky130_fd_pr__pfet_01v8/2 = 1            |                                           
                                           |                                           
Net: Vn                                    |(no matching net)                          
  sky130_fd_pr__nfet_01v8/(1|3) = 3        |                                           
  sky130_fd_pr__nfet_01v8/4 = 5            |                                           
  sky130_fd_pr__nfet_01v8/2 = 1            |                                           
---------------------------------------------------------------------------------------
DEVICE mismatches: Class fragments follow (with node fanout counts):
Circuit 1: test.spice                      |Circuit 2: test_xschem.spice               

---------------------------------------------------------------------------------------
Instance: sky130_fd_pr__pfet_01v83         |Instance: sky130_fd_pr__pfet_01v8M10a      
  (1,3) = (9,3)                            |  (1,3) = (4,2)                            
  2 = 9                                    |  2 = 2                                    
  4 = 9                                    |  4 = 6                                    
                                           |                                           
(no matching instance)                     |Instance: sky130_fd_pr__pfet_01v8M7a       
                                           |  (1,3) = (2,2)                            
                                           |  2 = 5                                    
                                           |  4 = 6                                    
                                           |                                           
---------------------------------------------------------------------------------------

---------------------------------------------------------------------------------------
(no matching instance)                     |Instance: sky130_fd_pr__pfet_01v8M9a       
                                           |  (1,3) = (5,2)                            
                                           |  2 = 2                                    
                                           |  4 = 6                                    
                                           |                                           
                                           |                                           
(no matching instance)                     |Instance: sky130_fd_pr__pfet_01v8M8a       
                                           |  (1,3) = (2,2)                            
                                           |  2 = 5                                    
                                           |  4 = 6                                    
                                           |                                           
---------------------------------------------------------------------------------------

---------------------------------------------------------------------------------------
(no matching instance)                     |Instance: sky130_fd_pr__pfet_01v8M17       
                                           |  (1,3) = (4,2)                            
                                           |  2 = 2                                    
                                           |  4 = 6                                    
                                           |                                           
                                           |                                           
(no matching instance)                     |Instance: sky130_fd_pr__pfet_01v8M16       
                                           |  (1,3) = (4,2)                            
                                           |  2 = 2                                    
                                           |  4 = 6                                    
                                           |                                           
---------------------------------------------------------------------------------------

---------------------------------------------------------------------------------------
Instance: sky130_fd_pr__pfet_01v818        |(no matching instance)                     
  (1,3) = (3,2)                            |                                           
  2 = 2                                    |                                           
  4 = 9                                    |                                           
                                           |                                           
                                           |                                           
Instance: sky130_fd_pr__pfet_01v87         |(no matching instance)                     
  (1,3) = (5,2)                            |                                           
  2 = 2                                    |                                           
  4 = 9                                    |                                           
                                           |                                           
---------------------------------------------------------------------------------------

---------------------------------------------------------------------------------------
Instance: sky130_fd_pr__pfet_01v85         |(no matching instance)                     
  (1,3) = (9,2)                            |                                           
  2 = 5                                    |                                           
  4 = 9                                    |                                           
                                           |                                           
                                           |                                           
Instance: sky130_fd_pr__pfet_01v82         |(no matching instance)                     
  (1,3) = (9,2)                            |                                           
  2 = 5                                    |                                           
  4 = 9                                    |                                           
                                           |                                           
---------------------------------------------------------------------------------------

---------------------------------------------------------------------------------------
Instance: sky130_fd_pr__nfet_01v81         |Instance: sky130_fd_pr__nfet_01v8M19       
  (1,3) = (9,5)                            |  (1,3) = (5,4)                            
  2 = 9                                    |  2 = 4                                    
  4 = 9                                    |  4 = 5                                    
                                           |                                           
(no matching instance)                     |Instance: sky130_fd_pr__nfet_01v8M6a       
                                           |  (1,3) = (4,2)                            
                                           |  2 = 2                                    
                                           |  4 = 5                                    
                                           |                                           
                                           |                                           
(no matching instance)                     |Instance: sky130_fd_pr__nfet_01v8M4a       
                                           |  (1,3) = (4,2)                            
                                           |  2 = 2                                    
                                           |  4 = 5                                    
                                           |                                           
                                           |                                           
(no matching instance)                     |Instance: sky130_fd_pr__nfet_01v8M3a       
                                           |  (1,3) = (4,2)                            
                                           |  2 = 2                                    
                                           |  4 = 5                                    
                                           |                                           
                                           |                                           
(no matching instance)                     |Instance: sky130_fd_pr__nfet_01v8M5a       
                                           |  (1,3) = (5,2)                            
                                           |  2 = 2                                    
                                           |  4 = 5                                    
                                           |                                           
---------------------------------------------------------------------------------------

---------------------------------------------------------------------------------------
Instance: sky130_fd_pr__nfet_01v80         |(no matching instance)                     
  (1,3) = (9,2)                            |                                           
  2 = 2                                    |                                           
  4 = 9                                    |                                           
                                           |                                           
                                           |                                           
Instance: sky130_fd_pr__nfet_01v84         |(no matching instance)                     
  (1,3) = (9,2)                            |                                           
  2 = 2                                    |                                           
  4 = 9                                    |                                           
                                           |                                           
---------------------------------------------------------------------------------------

---------------------------------------------------------------------------------------
Instance: sky130_fd_pr__nfet_01v86         |(no matching instance)                     
  (1,3) = (3,2)                            |                                           
  2 = 2                                    |                                           
  4 = 9                                    |                                           
                                           |                                           
                                           |                                           
Instance: sky130_fd_pr__nfet_01v816        |(no matching instance)                     
  (1,3) = (5,2)                            |                                           
  2 = 2                                    |                                           
  4 = 9                                    |                                           
                                           |                                           
---------------------------------------------------------------------------------------
Netlists do not match.
The top level cell failed pin matching.
