Equate elements:  no current cell.
Equate elements:  no current cell.
Class cascode_bias_LDS.spice:  Merged 13 devices.

Subcircuit summary:
Circuit 1: cascode_bias_LDS.spice          |Circuit 2: test2.spice                     
-------------------------------------------|-------------------------------------------
sky130_fd_pr__pfet_01v8 (7)                |sky130_fd_pr__pfet_01v8 (7)                
isrc (1)                                   |isrc (1)                                   
sky130_fd_pr__nfet_01v8 (6)                |sky130_fd_pr__nfet_01v8 (6)                
Number of devices: 14                      |Number of devices: 14                      
Number of nets: 10                         |Number of nets: 10                         
---------------------------------------------------------------------------------------
Circuits match uniquely.
Property errors were found.
Netlists match uniquely.
There were property errors.
sky130_fd_pr__nfet_01v8M44 vs. sky130_fd_pr__nfet_01v8M14:
 W circuit1: 24   circuit2: 120   (delta=133%, cutoff=1%)
sky130_fd_pr__nfet_01v8M45 vs. sky130_fd_pr__nfet_01v8M15:
 W circuit1: 24   circuit2: 12   (delta=66.7%, cutoff=1%)
sky130_fd_pr__nfet_01v8M42 vs. sky130_fd_pr__nfet_01v8M16:
 W circuit1: 24   circuit2: 12   (delta=66.7%, cutoff=1%)
sky130_fd_pr__nfet_01v8M38 vs. sky130_fd_pr__nfet_01v8M19:
 M circuit1: 1   circuit2: -1717986918   
 W circuit1: 24   circuit2: 12   (delta=66.7%, cutoff=1%)
sky130_fd_pr__nfet_01v8M39 vs. sky130_fd_pr__nfet_01v8M21:
 W circuit1: 24   circuit2: 12   (delta=66.7%, cutoff=1%)
sky130_fd_pr__nfet_01v8M36 vs. sky130_fd_pr__nfet_01v8M22:
 W circuit1: 24   circuit2: 12   (delta=66.7%, cutoff=1%)
sky130_fd_pr__pfet_01v8M4 vs. sky130_fd_pr__pfet_01v8M12:
 M circuit1: 1   circuit2: -1717986918   
 W circuit1: 24   circuit2: 12   (delta=66.7%, cutoff=1%)
sky130_fd_pr__pfet_01v8M3 vs. sky130_fd_pr__pfet_01v8M13:
 W circuit1: 24   circuit2: 12   (delta=66.7%, cutoff=1%)
sky130_fd_pr__pfet_01v8M31 vs. sky130_fd_pr__pfet_01v8M17:
 W circuit1: 24   circuit2: 12   (delta=66.7%, cutoff=1%)
sky130_fd_pr__pfet_01v8M30 vs. sky130_fd_pr__pfet_01v8M18:
 W circuit1: 24   circuit2: 120   (delta=133%, cutoff=1%)
sky130_fd_pr__pfet_01v8M32 vs. sky130_fd_pr__pfet_01v8M20:
 W circuit1: 24   circuit2: 12   (delta=66.7%, cutoff=1%)
sky130_fd_pr__pfet_01v8M1 vs. sky130_fd_pr__pfet_01v8M23:
 W circuit1: 24   circuit2: 12   (delta=66.7%, cutoff=1%)
sky130_fd_pr__pfet_01v8M2 vs. sky130_fd_pr__pfet_01v8M24:
 W circuit1: 24   circuit2: 12   (delta=66.7%, cutoff=1%)
Cells have no pins;  pin matching not needed.
Device classes cascode_bias_LDS.spice and test2.spice are equivalent.
Circuits match uniquely.
Property errors were found.
The following cells had property errors: cascode_bias_LDS.spice
